<?xml version="1.0" encoding="UTF-8" ?>
<testsuites disabled="0" errors="0" failures="0" tests="1" time="3.685">
 <testsuite name="Demo" timestamp="2020-01-23T09:36:45" hostname="localhost" time="1.843" errors="0" tests="0" skipped="0" disabled="0" failures="0">
 </testsuite>
 <testsuite name="Demo.something" timestamp="2020-01-23T09:36:45" hostname="localhost" time="1.842" errors="0" tests="1" skipped="0" disabled="0" failures="0">
  <testcase classname="Demo.something" name="should do something" time="1.841" />
 </testsuite>
</testsuites>